Arguments: 
  /home/mminer/.nvm/versions/node/v16.15.1/bin/node /home/mminer/.nvm/versions/node/v16.15.1/bin/yarn add stimulus-sortablejs

PATH: 
  ./bin:./node_modules/.bin:/home/mminer/.nvm/versions/node/v16.15.1/bin:/home/mminer/.rbenv/shims:/home/mminer/.rbenv/bin:/usr/local/sbin:/usr/local/bin:/usr/sbin:/usr/bin:/sbin:/bin:/usr/games:/usr/local/games:/snap/bin:/snap/bin:/usr/local/sbin

Yarn version: 
  1.22.19

Node version: 
  16.15.1

Platform: 
  linux x64

Trace: 
  Error: https://registry.yarnpkg.com/stimulus-sortablejs: Not found
      at Request.params.callback [as _callback] (/home/mminer/.nvm/versions/node/v16.15.1/lib/node_modules/yarn/lib/cli.js:66145:18)
      at Request.self.callback (/home/mminer/.nvm/versions/node/v16.15.1/lib/node_modules/yarn/lib/cli.js:140890:22)
      at Request.emit (node:events:527:28)
      at Request.<anonymous> (/home/mminer/.nvm/versions/node/v16.15.1/lib/node_modules/yarn/lib/cli.js:141862:10)
      at Request.emit (node:events:527:28)
      at IncomingMessage.<anonymous> (/home/mminer/.nvm/versions/node/v16.15.1/lib/node_modules/yarn/lib/cli.js:141784:12)
      at Object.onceWrapper (node:events:641:28)
      at IncomingMessage.emit (node:events:539:35)
      at endReadableNT (node:internal/streams/readable:1345:12)
      at processTicksAndRejections (node:internal/process/task_queues:83:21)

npm manifest: 
  {
    "dependencies": {
      "@rails/request.js": "^0.0.8",
      "sortablejs": "^1.15.0",
      "stimulus-sortable": "^4.1.1"
    }
  }

yarn manifest: 
  No manifest

Lockfile: 
  # THIS IS AN AUTOGENERATED FILE. DO NOT EDIT THIS FILE DIRECTLY.
  # yarn lockfile v1
  
  
  "@rails/request.js@^0.0.8":
    version "0.0.8"
    resolved "https://registry.yarnpkg.com/@rails/request.js/-/request.js-0.0.8.tgz#5e2e8da15013b1af7f04d759e4e9d1cff981865c"
    integrity sha512-ysHYZDl+XjBwFVXz7EI7XW+ZWiTFY8t7TrC/ahpAPt0p7NE4DZxm1nJQY9gmF4PBf+4pAYa+D/rLIGmrn1ZMvg==
  
  sortablejs@^1.15.0:
    version "1.15.0"
    resolved "https://registry.yarnpkg.com/sortablejs/-/sortablejs-1.15.0.tgz#53230b8aa3502bb77a29e2005808ffdb4a5f7e2a"
    integrity sha512-bv9qgVMjUMf89wAvM6AxVvS/4MX3sPeN0+agqShejLU5z5GX4C75ow1O2e5k4L6XItUyAK3gH6AxSbXrOM5e8w==
  
  stimulus-sortable@^4.1.1:
    version "4.1.1"
    resolved "https://registry.yarnpkg.com/stimulus-sortable/-/stimulus-sortable-4.1.1.tgz#aa34e0f1ac53112cf568bc46e6b20acbf603c521"
    integrity sha512-UDpgzIIklvBL+X+KB4GuTQOnIvK3k2Zocwm946myA48xBS1vMPomkUhNLEAXpg1PWYDaQ3pyaS0mbKo2mLrTbQ==
